app/build/intermediates/manifest_merge_blame_file/debug/manifest-merger-blame-debug-report.txt
1<?xml version="1.0" encoding="utf-8"?>
2<manifest xmlns:android="http://schemas.android.com/apk/res/android"
3    package="com.example.drivingmanager"
4    android:versionCode="1"
5    android:versionName="1.0" >
6
7    <uses-sdk
8        android:minSdkVersion="26"
8-->src\main\AndroidManifest.xml
9        android:targetSdkVersion="29" />
9-->src\main\AndroidManifest.xml
10
11    <application
11-->src\main\AndroidManifest.xml:5:5-39:19
12        android:allowBackup="true"
12-->src\main\AndroidManifest.xml:6:9-35
13        android:appComponentFactory="androidx.core.app.CoreComponentFactory"
13-->[androidx.core:core:1.1.0] AndroidManifest.xml:24:18-86
14        android:debuggable="true"
15        android:icon="@mipmap/ic_launcher"
15-->src\main\AndroidManifest.xml:7:9-43
16        android:label="@string/app_name"
16-->src\main\AndroidManifest.xml:8:9-41
17        android:roundIcon="@mipmap/ic_launcher_round"
17-->src\main\AndroidManifest.xml:9:9-54
18        android:supportsRtl="true"
18-->src\main\AndroidManifest.xml:10:9-35
19        android:testOnly="true"
20        android:theme="@style/AppTheme" >
20-->src\main\AndroidManifest.xml:11:9-40
21        <activity
21-->src\main\AndroidManifest.xml:12:9-19:20
22            android:name="com.example.drivingmanager.CarActivity"
22-->src\main\AndroidManifest.xml:13:13-40
23            android:label="@string/title_activity_car"
23-->src\main\AndroidManifest.xml:14:13-55
24            android:theme="@style/AppTheme.NoActionBar" >
24-->src\main\AndroidManifest.xml:15:13-56
25            <meta-data
25-->src\main\AndroidManifest.xml:16:13-18:75
26                android:name="android.support.PARENT_ACTIVITY"
26-->src\main\AndroidManifest.xml:17:17-63
27                android:value="com.example.drivingmanager.MainActivity" />
27-->src\main\AndroidManifest.xml:18:17-72
28        </activity>
29        <activity
29-->src\main\AndroidManifest.xml:20:9-24:59
30            android:name="com.example.drivingmanager.AddCarActivity"
30-->src\main\AndroidManifest.xml:21:13-43
31            android:label="@string/title_activity_add_car"
31-->src\main\AndroidManifest.xml:22:13-59
32            android:parentActivityName="com.example.drivingmanager.MainActivity"
32-->src\main\AndroidManifest.xml:23:13-55
33            android:theme="@style/AppTheme.NoActionBar" />
33-->src\main\AndroidManifest.xml:24:13-56
34        <activity
34-->src\main\AndroidManifest.xml:25:9-34:20
35            android:name="com.example.drivingmanager.MainActivity"
35-->src\main\AndroidManifest.xml:26:13-41
36            android:label="@string/app_name"
36-->src\main\AndroidManifest.xml:27:13-45
37            android:theme="@style/AppTheme.NoActionBar" >
37-->src\main\AndroidManifest.xml:28:13-56
38            <intent-filter>
38-->src\main\AndroidManifest.xml:29:13-33:29
39                <action android:name="android.intent.action.MAIN" />
39-->src\main\AndroidManifest.xml:30:17-69
39-->src\main\AndroidManifest.xml:30:25-66
40
41                <category android:name="android.intent.category.LAUNCHER" />
41-->src\main\AndroidManifest.xml:32:17-77
41-->src\main\AndroidManifest.xml:32:27-74
42            </intent-filter>
43        </activity>
44
45        <meta-data
45-->src\main\AndroidManifest.xml:36:9-38:57
46            android:name="preloaded_fonts"
46-->src\main\AndroidManifest.xml:37:13-43
47            android:resource="@array/preloaded_fonts" />
47-->src\main\AndroidManifest.xml:38:13-54
48
49        <provider
49-->[androidx.lifecycle:lifecycle-process:2.1.0] AndroidManifest.xml:23:9-27:43
50            android:name="androidx.lifecycle.ProcessLifecycleOwnerInitializer"
50-->[androidx.lifecycle:lifecycle-process:2.1.0] AndroidManifest.xml:24:13-79
51            android:authorities="com.example.drivingmanager.lifecycle-process"
51-->[androidx.lifecycle:lifecycle-process:2.1.0] AndroidManifest.xml:25:13-69
52            android:exported="false"
52-->[androidx.lifecycle:lifecycle-process:2.1.0] AndroidManifest.xml:26:13-37
53            android:multiprocess="true" />
53-->[androidx.lifecycle:lifecycle-process:2.1.0] AndroidManifest.xml:27:13-40
54    </application>
55
56</manifest>